<?xml version="1.0" encoding="UTF-8"?>
<testsuite xmlns:xsi="http://www.w3.org/2001/XMLSchema-instance" xsi:schemaLocation="https://maven.apache.org/surefire/maven-surefire-plugin/xsd/surefire-test-report.xsd" name="TestSuite" time="98.697" tests="2" errors="0" skipped="0" failures="1">
  <properties>
[...]
</properties>
  <testcase name="feature" classname="TestRunner.TestRunner" time="32.843"/>
  <testcase name="feature" classname="TestRunner.TestRunner" time="64.019">
    <failure message="org.openqa.selenium.TimeoutException: Expected condition failed: waiting for visibility of Proxy element for: DefaultElementLocator &apos;By.xpath: //img[@src=&apos;test/logo/vtiger-crm-logo.gif&apos; and @title=&apos;vtiger-crm-logo.gif&apos;]&apos; (tried for 30 second(s) with 500 milliseconds interval)" type="cucumber.runtime.CucumberException">cucumber.runtime.CucumberException: org.openqa.selenium.TimeoutException: Expected condition failed: waiting for visibility of Proxy element for: DefaultElementLocator 'By.xpath: //img[@src='test/logo/vtiger-crm-logo.gif' and @title='vtiger-crm-logo.gif']' (tried for 30 second(s) with 500 milliseconds interval)
	at TestRunner.TestRunner.feature(TestRunner.java:33)
Caused by: org.openqa.selenium.TimeoutException: Expected condition failed: waiting for visibility of Proxy element for: DefaultElementLocator 'By.xpath: //img[@src='test/logo/vtiger-crm-logo.gif' and @title='vtiger-crm-logo.gif']' (tried for 30 second(s) with 500 milliseconds interval)
Caused by: org.openqa.selenium.NoSuchElementException: 
no such element: Unable to locate element: {"method":"xpath","selector":"//img[@src='test/logo/vtiger-crm-logo.gif' and @title='vtiger-crm-logo.gif']"}
  (Session info: chrome=85.0.4183.102)
For documentation on this error, please visit: http://seleniumhq.org/exceptions/no_such_element.html
Build info: version: '3.11.0', revision: 'e59cfb3', time: '2018-03-11T20:26:55.152Z'
System info: host: 'DESKTOP-J7B84FF', ip: '192.168.43.69', os.name: 'Windows 10', os.arch: 'amd64', os.version: '10.0', java.version: '1.8.0_231'
Driver info: org.openqa.selenium.chrome.ChromeDriver
Capabilities {acceptInsecureCerts: false, browserName: chrome, browserVersion: 85.0.4183.102, chrome: {chromedriverVersion: 85.0.4183.87 (cd6713ebf92fa..., userDataDir: C:\WINDOWS\TEMP\scoped_dir9...}, goog:chromeOptions: {debuggerAddress: localhost:52231}, javascriptEnabled: true, networkConnectionEnabled: false, pageLoadStrategy: normal, platform: WINDOWS, platformName: WINDOWS, proxy: Proxy(), setWindowRect: true, strictFileInteractability: false, timeouts: {implicit: 0, pageLoad: 300000, script: 30000}, unhandledPromptBehavior: dismiss and notify, webauthn:virtualAuthenticators: true}
Session ID: a967ace8fe142bd8233f5c1a0e83fbfa
*** Element info: {Using=xpath, value=//img[@src='test/logo/vtiger-crm-logo.gif' and @title='vtiger-crm-logo.gif']}
	at TestRunner.TestRunner.feature(TestRunner.java:33)
</failure>
    <system-out><![CDATA[@Login
Feature: Sign in
 INFO [main] (GenericLibrary.java:21)- Waiting for element to load
 INFO [main] (GenericLibrary.java:24)- Element is found and visible
 INFO [main] (LoginPageStepDefinition.java:26)- the Application URl is getting launched
 INFO [main] (LoginPageStepDefinition.java:35)- on successful launch of the application user is able to see VTigerCRM

  Background: User navigates to Application URL             &amp#27;[90m# login.feature:4&amp#27;[0m
    &amp#27;[32mGiven &amp#27;[0m&amp#27;[32mi am on the login page URL"&amp#27;[0m&amp#27;[32m&amp#27;[1mhttp://localhost:8888&amp#27;[0m&amp#27;[32m"&amp#27;[0m &amp#27;[90m# LoginPageStepDefinition.i_am_on_the_login_page_URL(String)&amp#27;[0m
    &amp#27;[32mThen &amp#27;[0m&amp#27;[32mI should see login page&amp#27;[0m                            &amp#27;[90m# LoginPageStepDefinition.i_should_see_login_page()&amp#27;[0m
 INFO [main] (LoginPageStepDefinition.java:43)- user successfully entered the username
 INFO [main] (LoginPageStepDefinition.java:51)- User successfully entered the password
 INFO [main] (LoginPageStepDefinition.java:57)- User successfully clicked on Login Button 
 INFO [main] (GenericLibrary.java:21)- Waiting for element to load
 INFO [main] (GenericLibrary.java:24)- Element is found and visible
 INFO [main] (HomePage.java:36)- Image VTiger is seen on Home page 
 INFO [main] (HomePageStepDefinition.java:33)- Administrator field is available in home page 

  @Sanity
  Scenario: Sign in with Valid credentials                      &amp#27;[90m# login.feature:9&amp#27;[0m
    &amp#27;[32mWhen &amp#27;[0m&amp#27;[32muser enters an username as "&amp#27;[0m&amp#27;[32m&amp#27;[1madmin&amp#27;[0m&amp#27;[32m"&amp#27;[0m                     &amp#27;[90m# LoginPageStepDefinition.user_enters_an_username_as(String)&amp#27;[0m
    &amp#27;[32mAnd &amp#27;[0m&amp#27;[32muser enters an password as "&amp#27;[0m&amp#27;[32m&amp#27;[1mpassword&amp#27;[0m&amp#27;[32m"&amp#27;[0m                   &amp#27;[90m# LoginPageStepDefinition.user_enters_an_password_as(String)&amp#27;[0m
    &amp#27;[32mAnd &amp#27;[0m&amp#27;[32mclick on login button&amp#27;[0m                                   &amp#27;[90m# LoginPageStepDefinition.click_on_login_button()&amp#27;[0m
    &amp#27;[32mThen &amp#27;[0m&amp#27;[32mUser should login successfully&amp#27;[0m                         &amp#27;[90m# HomePageStepDefinition.user_should_login_successfully()&amp#27;[0m
    &amp#27;[32mAnd &amp#27;[0m&amp#27;[32muser should see administrator test message on home page&amp#27;[0m &amp#27;[90m# HomePageStepDefinition.user_should_see_administrator_test_message_on_home_page()&amp#27;[0m

  @Sanity
  Scenario Outline: Sign in with Valid credentials              &amp#27;[90m# login.feature:17&amp#27;[0m
    &amp#27;[36mWhen &amp#27;[0m&amp#27;[36muser enters an username as "<username>"&amp#27;[0m
    &amp#27;[36mAnd &amp#27;[0m&amp#27;[36muser enters an password as "<password>"&amp#27;[0m
    &amp#27;[36mAnd &amp#27;[0m&amp#27;[36mclick on login button&amp#27;[0m
    &amp#27;[36mThen &amp#27;[0m&amp#27;[36mUser should login successfully&amp#27;[0m
    &amp#27;[36mAnd &amp#27;[0m&amp#27;[36muser should see administrator test message on home page&amp#27;[0m

    Examples: 
 INFO [main] (GenericLibrary.java:21)- Waiting for element to load
 INFO [main] (GenericLibrary.java:24)- Element is found and visible
 INFO [main] (LoginPageStepDefinition.java:26)- the Application URl is getting launched
 INFO [main] (LoginPageStepDefinition.java:35)- on successful launch of the application user is able to see VTigerCRM

  Background: User navigates to Application URL             &amp#27;[90m# login.feature:4&amp#27;[0m
    &amp#27;[32mGiven &amp#27;[0m&amp#27;[32mi am on the login page URL"&amp#27;[0m&amp#27;[32m&amp#27;[1mhttp://localhost:8888&amp#27;[0m&amp#27;[32m"&amp#27;[0m &amp#27;[90m# LoginPageStepDefinition.i_am_on_the_login_page_URL(String)&amp#27;[0m
    &amp#27;[32mThen &amp#27;[0m&amp#27;[32mI should see login page&amp#27;[0m                            &amp#27;[90m# LoginPageStepDefinition.i_should_see_login_page()&amp#27;[0m
 INFO [main] (LoginPageStepDefinition.java:43)- user successfully entered the username
 INFO [main] (LoginPageStepDefinition.java:51)- User successfully entered the password
 INFO [main] (LoginPageStepDefinition.java:57)- User successfully clicked on Login Button 
 INFO [main] (GenericLibrary.java:21)- Waiting for element to load
 INFO [main] (GenericLibrary.java:24)- Element is found and visible
 INFO [main] (HomePage.java:36)- Image VTiger is seen on Home page 
 INFO [main] (HomePageStepDefinition.java:33)- Administrator field is available in home page 

  @Login @Sanity
  Scenario Outline: Sign in with Valid credentials              &amp#27;[90m# login.feature:26&amp#27;[0m
    &amp#27;[32mWhen &amp#27;[0m&amp#27;[32muser enters an username as "&amp#27;[0m&amp#27;[32m&amp#27;[1madmin&amp#27;[0m&amp#27;[32m"&amp#27;[0m                     &amp#27;[90m# LoginPageStepDefinition.user_enters_an_username_as(String)&amp#27;[0m
    &amp#27;[32mAnd &amp#27;[0m&amp#27;[32muser enters an password as "&amp#27;[0m&amp#27;[32m&amp#27;[1mpassword&amp#27;[0m&amp#27;[32m"&amp#27;[0m                   &amp#27;[90m# LoginPageStepDefinition.user_enters_an_password_as(String)&amp#27;[0m
    &amp#27;[32mAnd &amp#27;[0m&amp#27;[32mclick on login button&amp#27;[0m                                   &amp#27;[90m# LoginPageStepDefinition.click_on_login_button()&amp#27;[0m
    &amp#27;[32mThen &amp#27;[0m&amp#27;[32mUser should login successfully&amp#27;[0m                         &amp#27;[90m# HomePageStepDefinition.user_should_login_successfully()&amp#27;[0m
    &amp#27;[32mAnd &amp#27;[0m&amp#27;[32muser should see administrator test message on home page&amp#27;[0m &amp#27;[90m# HomePageStepDefinition.user_should_see_administrator_test_message_on_home_page()&amp#27;[0m
 INFO [main] (GenericLibrary.java:21)- Waiting for element to load
 INFO [main] (GenericLibrary.java:24)- Element is found and visible
 INFO [main] (LoginPageStepDefinition.java:26)- the Application URl is getting launched
 INFO [main] (LoginPageStepDefinition.java:35)- on successful launch of the application user is able to see VTigerCRM

  Background: User navigates to Application URL             &amp#27;[90m# login.feature:4&amp#27;[0m
    &amp#27;[32mGiven &amp#27;[0m&amp#27;[32mi am on the login page URL"&amp#27;[0m&amp#27;[32m&amp#27;[1mhttp://localhost:8888&amp#27;[0m&amp#27;[32m"&amp#27;[0m &amp#27;[90m# LoginPageStepDefinition.i_am_on_the_login_page_URL(String)&amp#27;[0m
    &amp#27;[32mThen &amp#27;[0m&amp#27;[32mI should see login page&amp#27;[0m                            &amp#27;[90m# LoginPageStepDefinition.i_should_see_login_page()&amp#27;[0m
 INFO [main] (LoginPageStepDefinition.java:43)- user successfully entered the username
 INFO [main] (LoginPageStepDefinition.java:51)- User successfully entered the password
 INFO [main] (LoginPageStepDefinition.java:57)- User successfully clicked on Login Button 
 INFO [main] (GenericLibrary.java:21)- Waiting for element to load
 INFO [main] (ServiceHooks.java:32)- Sign in with Valid credentials is failed

  @Login @Sanity
  Scenario Outline: Sign in with Valid credentials              &amp#27;[90m# login.feature:27&amp#27;[0m
    &amp#27;[32mWhen &amp#27;[0m&amp#27;[32muser enters an username as "&amp#27;[0m&amp#27;[32m&amp#27;[1madmin12&amp#27;[0m&amp#27;[32m"&amp#27;[0m                   &amp#27;[90m# LoginPageStepDefinition.user_enters_an_username_as(String)&amp#27;[0m
    &amp#27;[32mAnd &amp#27;[0m&amp#27;[32muser enters an password as "&amp#27;[0m&amp#27;[32m&amp#27;[1mpassword12&amp#27;[0m&amp#27;[32m"&amp#27;[0m                 &amp#27;[90m# LoginPageStepDefinition.user_enters_an_password_as(String)&amp#27;[0m
    &amp#27;[32mAnd &amp#27;[0m&amp#27;[32mclick on login button&amp#27;[0m                                   &amp#27;[90m# LoginPageStepDefinition.click_on_login_button()&amp#27;[0m
    &amp#27;[31mThen &amp#27;[0m&amp#27;[31mUser should login successfully&amp#27;[0m                         &amp#27;[90m# HomePageStepDefinition.user_should_login_successfully()&amp#27;[0m
      &amp#27;[31morg.openqa.selenium.TimeoutException: Expected condition failed: waiting for visibility of Proxy element for: DefaultElementLocator 'By.xpath: //img[@src='test/logo/vtiger-crm-logo.gif' and @title='vtiger-crm-logo.gif']' (tried for 30 second(s) with 500 milliseconds interval)
      	at org.openqa.selenium.support.ui.WebDriverWait.timeoutException(WebDriverWait.java:81)
      	at org.openqa.selenium.support.ui.FluentWait.until(FluentWait.java:271)
      	at MyCucumber.CucumberTravelTrace.UtilityClass.GenericLibrary.waitForElement(GenericLibrary.java:23)
      	at PageObjectRepoClass.HomePage.verifyVTigerImage(HomePage.java:34)
      	at StepDefinitionsClass.HomePageStepDefinition.user_should_login_successfully(HomePageStepDefinition.java:25)
      	at ?.Then User should login successfully(login.feature:21)
      Caused by: org.openqa.selenium.NoSuchElementException: no such element: Unable to locate element: {"method":"xpath","selector":"//img[@src='test/logo/vtiger-crm-logo.gif' and @title='vtiger-crm-logo.gif']"}
        (Session info: chrome=85.0.4183.102)
      For documentation on this error, please visit: http://seleniumhq.org/exceptions/no_such_element.html
      Build info: version: '3.11.0', revision: 'e59cfb3', time: '2018-03-11T20:26:55.152Z'
      System info: host: 'DESKTOP-J7B84FF', ip: '192.168.43.69', os.name: 'Windows 10', os.arch: 'amd64', os.version: '10.0', java.version: '1.8.0_231'
      Driver info: org.openqa.selenium.chrome.ChromeDriver
      Capabilities {acceptInsecureCerts: false, browserName: chrome, browserVersion: 85.0.4183.102, chrome: {chromedriverVersion: 85.0.4183.87 (cd6713ebf92fa..., userDataDir: C:\WINDOWS\TEMP\scoped_dir9...}, goog:chromeOptions: {debuggerAddress: localhost:52231}, javascriptEnabled: true, networkConnectionEnabled: false, pageLoadStrategy: normal, platform: WINDOWS, platformName: WINDOWS, proxy: Proxy(), setWindowRect: true, strictFileInteractability: false, timeouts: {implicit: 0, pageLoad: 300000, script: 30000}, unhandledPromptBehavior: dismiss and notify, webauthn:virtualAuthenticators: true}
      Session ID: a967ace8fe142bd8233f5c1a0e83fbfa
      *** Element info: {Using=xpath, value=//img[@src='test/logo/vtiger-crm-logo.gif' and @title='vtiger-crm-logo.gif']}
      	at sun.reflect.GeneratedConstructorAccessor16.newInstance(Unknown Source)
      	at sun.reflect.DelegatingConstructorAccessorImpl.newInstance(DelegatingConstructorAccessorImpl.java:45)
      	at java.lang.reflect.Constructor.newInstance(Constructor.java:423)
      	at org.openqa.selenium.remote.http.W3CHttpResponseCodec.createException(W3CHttpResponseCodec.java:187)
      	at org.openqa.selenium.remote.http.W3CHttpResponseCodec.decode(W3CHttpResponseCodec.java:122)
      	at org.openqa.selenium.remote.http.W3CHttpResponseCodec.decode(W3CHttpResponseCodec.java:49)
      	at org.openqa.selenium.remote.HttpCommandExecutor.execute(HttpCommandExecutor.java:158)
      	at org.openqa.selenium.remote.service.DriverCommandExecutor.execute(DriverCommandExecutor.java:83)
      	at org.openqa.selenium.remote.RemoteWebDriver.execute(RemoteWebDriver.java:545)
      	at org.openqa.selenium.remote.RemoteWebDriver.findElement(RemoteWebDriver.java:319)
      	at org.openqa.selenium.remote.RemoteWebDriver.findElementByXPath(RemoteWebDriver.java:421)
      	at org.openqa.selenium.By$ByXPath.findElement(By.java:361)
      	at org.openqa.selenium.remote.RemoteWebDriver.findElement(RemoteWebDriver.java:311)
      	at org.openqa.selenium.support.pagefactory.DefaultElementLocator.findElement(DefaultElementLocator.java:69)
      	at org.openqa.selenium.support.pagefactory.internal.LocatingElementHandler.invoke(LocatingElementHandler.java:38)
      	at com.sun.proxy.$Proxy18.isDisplayed(Unknown Source)
      	at org.openqa.selenium.support.ui.ExpectedConditions.elementIfVisible(ExpectedConditions.java:315)
      	at org.openqa.selenium.support.ui.ExpectedConditions.access$100(ExpectedConditions.java:44)
      	at org.openqa.selenium.support.ui.ExpectedConditions$10.apply(ExpectedConditions.java:301)
      	at org.openqa.selenium.support.ui.ExpectedConditions$10.apply(ExpectedConditions.java:298)
      	at org.openqa.selenium.support.ui.FluentWait.until(FluentWait.java:248)
      	at MyCucumber.CucumberTravelTrace.UtilityClass.GenericLibrary.waitForElement(GenericLibrary.java:23)
      	at PageObjectRepoClass.HomePage.verifyVTigerImage(HomePage.java:34)
      	at StepDefinitionsClass.HomePageStepDefinition.user_should_login_successfully(HomePageStepDefinition.java:25)
      	at sun.reflect.NativeMethodAccessorImpl.invoke0(Native Method)
      	at sun.reflect.NativeMethodAccessorImpl.invoke(NativeMethodAccessorImpl.java:62)
      	at sun.reflect.DelegatingMethodAccessorImpl.invoke(DelegatingMethodAccessorImpl.java:43)
      	at java.lang.reflect.Method.invoke(Method.java:498)
      	at cucumber.runtime.Utils$1.call(Utils.java:40)
      	at cucumber.runtime.Timeout.timeout(Timeout.java:16)
      	at cucumber.runtime.Utils.invoke(Utils.java:34)
      	at cucumber.runtime.java.JavaStepDefinition.execute(JavaStepDefinition.java:38)
      	at cucumber.runtime.StepDefinitionMatch.runStep(StepDefinitionMatch.java:37)
      	at cucumber.runtime.Runtime.runStep(Runtime.java:300)
      	at cucumber.runtime.model.StepContainer.runStep(StepContainer.java:44)
      	at cucumber.runtime.model.StepContainer.runSteps(StepContainer.java:39)
      	at cucumber.runtime.model.CucumberScenario.run(CucumberScenario.java:44)
      	at cucumber.runtime.model.CucumberScenarioOutline.run(CucumberScenarioOutline.java:46)
      	at cucumber.runtime.model.CucumberFeature.run(CucumberFeature.java:165)
      	at cucumber.api.testng.TestNGCucumberRunner.runCucumber(TestNGCucumberRunner.java:63)
      	at TestRunner.TestRunner.feature(TestRunner.java:33)
      	at sun.reflect.NativeMethodAccessorImpl.invoke0(Native Method)
      	at sun.reflect.NativeMethodAccessorImpl.invoke(NativeMethodAccessorImpl.java:62)
      	at sun.reflect.DelegatingMethodAccessorImpl.invoke(DelegatingMethodAccessorImpl.java:43)
      	at java.lang.reflect.Method.invoke(Method.java:498)
      	at org.testng.internal.MethodInvocationHelper.invokeMethod(MethodInvocationHelper.java:124)
      	at org.testng.internal.Invoker.invokeMethod(Invoker.java:583)
      	at org.testng.internal.Invoker.invokeTestMethod(Invoker.java:719)
      	at org.testng.internal.Invoker.invokeTestMethods(Invoker.java:989)
      	at org.testng.internal.TestMethodWorker.invokeTestMethods(TestMethodWorker.java:125)
      	at org.testng.internal.TestMethodWorker.run(TestMethodWorker.java:109)
      	at org.testng.TestRunner.privateRun(TestRunner.java:648)
      	at org.testng.TestRunner.run(TestRunner.java:505)
      	at org.testng.SuiteRunner.runTest(SuiteRunner.java:455)
      	at org.testng.SuiteRunner.runSequentially(SuiteRunner.java:450)
      	at org.testng.SuiteRunner.privateRun(SuiteRunner.java:415)
      	at org.testng.SuiteRunner.run(SuiteRunner.java:364)
      	at org.testng.SuiteRunnerWorker.runSuite(SuiteRunnerWorker.java:52)
      	at org.testng.SuiteRunnerWorker.run(SuiteRunnerWorker.java:84)
      	at org.testng.TestNG.runSuitesSequentially(TestNG.java:1208)
      	at org.testng.TestNG.runSuitesLocally(TestNG.java:1137)
      	at org.testng.TestNG.runSuites(TestNG.java:1049)
      	at org.testng.TestNG.run(TestNG.java:1017)
      	at org.apache.maven.surefire.testng.TestNGExecutor.run(TestNGExecutor.java:281)
      	at org.apache.maven.surefire.testng.TestNGXmlTestSuite.execute(TestNGXmlTestSuite.java:75)
      	at org.apache.maven.surefire.testng.TestNGProvider.invoke(TestNGProvider.java:121)
      	at org.apache.maven.surefire.booter.ForkedBooter.invokeProviderInSameClassLoader(ForkedBooter.java:290)
      	at org.apache.maven.surefire.booter.ForkedBooter.runSuitesInProcess(ForkedBooter.java:242)
      	at org.apache.maven.surefire.booter.ForkedBooter.main(ForkedBooter.java:121)
      &amp#27;[0m
    &amp#27;[36mAnd &amp#27;[0m&amp#27;[36muser should see administrator test message on home page&amp#27;[0m &amp#27;[90m# HomePageStepDefinition.user_should_see_administrator_test_message_on_home_page()&amp#27;[0m
]]></system-out>
    <system-err><![CDATA[Starting ChromeDriver 85.0.4183.87 (cd6713ebf92fa1cacc0f1a598df280093af0c5d7-refs/branch-heads/4183@{#1689}) on port 44217
Only local connections are allowed.
Please see https://chromedriver.chromium.org/security-considerations for suggestions on keeping ChromeDriver safe.
ChromeDriver was started successfully.
Sep 12, 2020 9:49:13 PM org.openqa.selenium.remote.ProtocolHandshake createSession
INFO: Detected dialect: W3C
Starting ChromeDriver 85.0.4183.87 (cd6713ebf92fa1cacc0f1a598df280093af0c5d7-refs/branch-heads/4183@{#1689}) on port 1127
Only local connections are allowed.
Please see https://chromedriver.chromium.org/security-considerations for suggestions on keeping ChromeDriver safe.
ChromeDriver was started successfully.
Sep 12, 2020 9:49:25 PM org.openqa.selenium.remote.ProtocolHandshake createSession
INFO: Detected dialect: W3C
Starting ChromeDriver 85.0.4183.87 (cd6713ebf92fa1cacc0f1a598df280093af0c5d7-refs/branch-heads/4183@{#1689}) on port 15873
Only local connections are allowed.
Please see https://chromedriver.chromium.org/security-considerations for suggestions on keeping ChromeDriver safe.
ChromeDriver was started successfully.
Sep 12, 2020 9:49:37 PM org.openqa.selenium.remote.ProtocolHandshake createSession
INFO: Detected dialect: W3C
]]></system-err>
  </testcase>
</testsuite>